[0525/172027:ERROR:backend_impl.cc(2020)] Corrupt Index file
[0525/172027:ERROR:cache_util_win.cc(20)] Unable to move the cache: 5
[0525/172027:ERROR:cache_util.cc(134)] Unable to move cache folder C:\ProgramData\Altium\Altium Designer {B2BD5E5F-1C43-422A-A207-67ACEC1C2B0E}\BrowserCache to C:\ProgramData\Altium\Altium Designer {B2BD5E5F-1C43-422A-A207-67ACEC1C2B0E}\old_BrowserCache_000
[0525/172027:ERROR:cache_creator.cc(129)] Unable to create cache
[0526/084534:ERROR:backend_impl.cc(2020)] Corrupt Index file
[0526/084534:ERROR:cache_util_win.cc(20)] Unable to move the cache: 5
[0526/084534:ERROR:cache_util.cc(134)] Unable to move cache folder C:\ProgramData\Altium\Altium Designer {B2BD5E5F-1C43-422A-A207-67ACEC1C2B0E}\BrowserCache to C:\ProgramData\Altium\Altium Designer {B2BD5E5F-1C43-422A-A207-67ACEC1C2B0E}\old_BrowserCache_000
[0526/084534:ERROR:cache_creator.cc(129)] Unable to create cache
[0526/154800:ERROR:backend_impl.cc(2020)] Corrupt Index file
[0526/154800:ERROR:cache_util_win.cc(20)] Unable to move the cache: 5
[0526/154800:ERROR:cache_util.cc(134)] Unable to move cache folder C:\ProgramData\Altium\Altium Designer {B2BD5E5F-1C43-422A-A207-67ACEC1C2B0E}\BrowserCache to C:\ProgramData\Altium\Altium Designer {B2BD5E5F-1C43-422A-A207-67ACEC1C2B0E}\old_BrowserCache_000
[0526/154801:ERROR:cache_creator.cc(129)] Unable to create cache
[0526/163158:ERROR:backend_impl.cc(2020)] Corrupt Index file
[0526/163158:ERROR:cache_util_win.cc(20)] Unable to move the cache: 5
[0526/163158:ERROR:cache_util.cc(134)] Unable to move cache folder C:\ProgramData\Altium\Altium Designer {B2BD5E5F-1C43-422A-A207-67ACEC1C2B0E}\BrowserCache to C:\ProgramData\Altium\Altium Designer {B2BD5E5F-1C43-422A-A207-67ACEC1C2B0E}\old_BrowserCache_000
[0526/163158:ERROR:cache_creator.cc(129)] Unable to create cache
[0527/101448:WARNING:dns_config_service_win.cc(665)] Failed to read DnsConfig.
[0527/101452:WARNING:dns_config_service_win.cc(665)] Failed to read DnsConfig.
[0527/101453:WARNING:dns_config_service_win.cc(665)] Failed to read DnsConfig.
[0527/101930:ERROR:backend_impl.cc(2020)] Corrupt Index file
[0527/101930:ERROR:cache_util_win.cc(20)] Unable to move the cache: 5
[0527/101930:ERROR:cache_util.cc(134)] Unable to move cache folder C:\ProgramData\Altium\Altium Designer {B2BD5E5F-1C43-422A-A207-67ACEC1C2B0E}\BrowserCache to C:\ProgramData\Altium\Altium Designer {B2BD5E5F-1C43-422A-A207-67ACEC1C2B0E}\old_BrowserCache_000
[0527/101930:ERROR:cache_creator.cc(129)] Unable to create cache
[0609/094116:ERROR:backend_impl.cc(2020)] Corrupt Index file
[0609/094116:ERROR:cache_util_win.cc(20)] Unable to move the cache: 5
[0609/094116:ERROR:cache_util.cc(134)] Unable to move cache folder C:\ProgramData\Altium\Altium Designer {B2BD5E5F-1C43-422A-A207-67ACEC1C2B0E}\BrowserCache to C:\ProgramData\Altium\Altium Designer {B2BD5E5F-1C43-422A-A207-67ACEC1C2B0E}\old_BrowserCache_000
[0609/094116:ERROR:cache_creator.cc(129)] Unable to create cache
[0623/091442:ERROR:backend_impl.cc(2020)] Corrupt Index file
[0623/091442:ERROR:cache_util_win.cc(20)] Unable to move the cache: 5
[0623/091442:ERROR:cache_util.cc(134)] Unable to move cache folder C:\ProgramData\Altium\Altium Designer {B2BD5E5F-1C43-422A-A207-67ACEC1C2B0E}\BrowserCache to C:\ProgramData\Altium\Altium Designer {B2BD5E5F-1C43-422A-A207-67ACEC1C2B0E}\old_BrowserCache_000
[0623/091442:ERROR:cache_creator.cc(129)] Unable to create cache
[0623/140656:ERROR:backend_impl.cc(2020)] Corrupt Index file
[0623/140656:ERROR:cache_util_win.cc(20)] Unable to move the cache: 5
[0623/140656:ERROR:cache_util.cc(134)] Unable to move cache folder C:\ProgramData\Altium\Altium Designer {B2BD5E5F-1C43-422A-A207-67ACEC1C2B0E}\BrowserCache to C:\ProgramData\Altium\Altium Designer {B2BD5E5F-1C43-422A-A207-67ACEC1C2B0E}\old_BrowserCache_000
[0623/140656:ERROR:cache_creator.cc(129)] Unable to create cache
[0624/094037:ERROR:backend_impl.cc(2020)] Corrupt Index file
[0624/094037:ERROR:cache_util_win.cc(20)] Unable to move the cache: 5
[0624/094037:ERROR:cache_util.cc(134)] Unable to move cache folder C:\ProgramData\Altium\Altium Designer {B2BD5E5F-1C43-422A-A207-67ACEC1C2B0E}\BrowserCache to C:\ProgramData\Altium\Altium Designer {B2BD5E5F-1C43-422A-A207-67ACEC1C2B0E}\old_BrowserCache_000
[0624/094037:ERROR:cache_creator.cc(129)] Unable to create cache
