[0531/130512:ERROR:backend_impl.cc(2020)] Corrupt Index file
[0531/130512:ERROR:cache_util_win.cc(20)] Unable to move the cache: 5
[0531/130512:ERROR:cache_util.cc(134)] Unable to move cache folder C:\ProgramData\Altium\Altium Designer {B2BD5E5F-1C43-422A-A207-67ACEC1C2B0E}\BrowserCache to C:\ProgramData\Altium\Altium Designer {B2BD5E5F-1C43-422A-A207-67ACEC1C2B0E}\old_BrowserCache_000
[0531/130512:ERROR:cache_creator.cc(129)] Unable to create cache
[0531/151113:WARNING:dns_config_service_win.cc(665)] Failed to read DnsConfig.
[0601/084636:ERROR:backend_impl.cc(2020)] Corrupt Index file
[0601/084636:ERROR:cache_util_win.cc(20)] Unable to move the cache: 5
[0601/084636:ERROR:cache_util.cc(134)] Unable to move cache folder C:\ProgramData\Altium\Altium Designer {B2BD5E5F-1C43-422A-A207-67ACEC1C2B0E}\BrowserCache to C:\ProgramData\Altium\Altium Designer {B2BD5E5F-1C43-422A-A207-67ACEC1C2B0E}\old_BrowserCache_000
[0601/084636:ERROR:cache_creator.cc(129)] Unable to create cache
[0602/151610:ERROR:backend_impl.cc(2020)] Corrupt Index file
[0602/151610:ERROR:cache_util_win.cc(20)] Unable to move the cache: 5
[0602/151610:ERROR:cache_util.cc(134)] Unable to move cache folder C:\ProgramData\Altium\Altium Designer {B2BD5E5F-1C43-422A-A207-67ACEC1C2B0E}\BrowserCache to C:\ProgramData\Altium\Altium Designer {B2BD5E5F-1C43-422A-A207-67ACEC1C2B0E}\old_BrowserCache_000
[0602/151610:ERROR:cache_creator.cc(129)] Unable to create cache
[0609/134519:ERROR:backend_impl.cc(2020)] Corrupt Index file
[0609/134519:ERROR:cache_util_win.cc(20)] Unable to move the cache: 5
[0609/134519:ERROR:cache_util.cc(134)] Unable to move cache folder C:\ProgramData\Altium\Altium Designer {B2BD5E5F-1C43-422A-A207-67ACEC1C2B0E}\BrowserCache to C:\ProgramData\Altium\Altium Designer {B2BD5E5F-1C43-422A-A207-67ACEC1C2B0E}\old_BrowserCache_000
[0609/134519:ERROR:cache_creator.cc(129)] Unable to create cache
[0614/092442:ERROR:backend_impl.cc(2020)] Corrupt Index file
[0614/092442:ERROR:cache_util_win.cc(20)] Unable to move the cache: 5
[0614/092442:ERROR:cache_util.cc(134)] Unable to move cache folder C:\ProgramData\Altium\Altium Designer {B2BD5E5F-1C43-422A-A207-67ACEC1C2B0E}\BrowserCache to C:\ProgramData\Altium\Altium Designer {B2BD5E5F-1C43-422A-A207-67ACEC1C2B0E}\old_BrowserCache_000
[0614/092442:ERROR:cache_creator.cc(129)] Unable to create cache
[0615/085629:ERROR:backend_impl.cc(2020)] Corrupt Index file
[0615/085629:ERROR:cache_util_win.cc(20)] Unable to move the cache: 5
[0615/085629:ERROR:cache_util.cc(134)] Unable to move cache folder C:\ProgramData\Altium\Altium Designer {B2BD5E5F-1C43-422A-A207-67ACEC1C2B0E}\BrowserCache to C:\ProgramData\Altium\Altium Designer {B2BD5E5F-1C43-422A-A207-67ACEC1C2B0E}\old_BrowserCache_000
[0615/085629:ERROR:cache_creator.cc(129)] Unable to create cache
[0625/091254:ERROR:backend_impl.cc(2020)] Corrupt Index file
[0625/091254:ERROR:cache_util_win.cc(20)] Unable to move the cache: 5
[0625/091254:ERROR:cache_util.cc(134)] Unable to move cache folder C:\ProgramData\Altium\Altium Designer {B2BD5E5F-1C43-422A-A207-67ACEC1C2B0E}\BrowserCache to C:\ProgramData\Altium\Altium Designer {B2BD5E5F-1C43-422A-A207-67ACEC1C2B0E}\old_BrowserCache_000
[0625/091254:ERROR:cache_creator.cc(129)] Unable to create cache
[0628/151806:ERROR:backend_impl.cc(2020)] Corrupt Index file
[0628/151806:ERROR:cache_util_win.cc(20)] Unable to move the cache: 5
[0628/151806:ERROR:cache_util.cc(134)] Unable to move cache folder C:\ProgramData\Altium\Altium Designer {B2BD5E5F-1C43-422A-A207-67ACEC1C2B0E}\BrowserCache to C:\ProgramData\Altium\Altium Designer {B2BD5E5F-1C43-422A-A207-67ACEC1C2B0E}\old_BrowserCache_000
[0628/151806:ERROR:cache_creator.cc(129)] Unable to create cache
[0629/153033:ERROR:backend_impl.cc(2020)] Corrupt Index file
[0629/153033:ERROR:cache_util_win.cc(20)] Unable to move the cache: 5
[0629/153033:ERROR:cache_util.cc(134)] Unable to move cache folder C:\ProgramData\Altium\Altium Designer {B2BD5E5F-1C43-422A-A207-67ACEC1C2B0E}\BrowserCache to C:\ProgramData\Altium\Altium Designer {B2BD5E5F-1C43-422A-A207-67ACEC1C2B0E}\old_BrowserCache_000
[0629/153033:ERROR:cache_creator.cc(129)] Unable to create cache
[0702/092918:ERROR:backend_impl.cc(2020)] Corrupt Index file
[0702/092918:ERROR:cache_util_win.cc(20)] Unable to move the cache: 5
[0702/092918:ERROR:cache_util.cc(134)] Unable to move cache folder C:\ProgramData\Altium\Altium Designer {B2BD5E5F-1C43-422A-A207-67ACEC1C2B0E}\BrowserCache to C:\ProgramData\Altium\Altium Designer {B2BD5E5F-1C43-422A-A207-67ACEC1C2B0E}\old_BrowserCache_000
[0702/092918:ERROR:cache_creator.cc(129)] Unable to create cache
[0702/100120:ERROR:backend_impl.cc(2020)] Corrupt Index file
[0702/100120:ERROR:cache_util_win.cc(20)] Unable to move the cache: 5
[0702/100120:ERROR:cache_util.cc(134)] Unable to move cache folder C:\ProgramData\Altium\Altium Designer {B2BD5E5F-1C43-422A-A207-67ACEC1C2B0E}\BrowserCache to C:\ProgramData\Altium\Altium Designer {B2BD5E5F-1C43-422A-A207-67ACEC1C2B0E}\old_BrowserCache_000
[0702/100120:ERROR:cache_creator.cc(129)] Unable to create cache
[0719/134104:ERROR:backend_impl.cc(2020)] Corrupt Index file
[0719/134104:ERROR:cache_util_win.cc(20)] Unable to move the cache: 5
[0719/134104:ERROR:cache_util.cc(134)] Unable to move cache folder C:\ProgramData\Altium\Altium Designer {B2BD5E5F-1C43-422A-A207-67ACEC1C2B0E}\BrowserCache to C:\ProgramData\Altium\Altium Designer {B2BD5E5F-1C43-422A-A207-67ACEC1C2B0E}\old_BrowserCache_000
[0719/134104:ERROR:cache_creator.cc(129)] Unable to create cache
[0720/090640:ERROR:backend_impl.cc(2020)] Corrupt Index file
[0720/090640:ERROR:cache_util_win.cc(20)] Unable to move the cache: 5
[0720/090640:ERROR:cache_util.cc(134)] Unable to move cache folder C:\ProgramData\Altium\Altium Designer {B2BD5E5F-1C43-422A-A207-67ACEC1C2B0E}\BrowserCache to C:\ProgramData\Altium\Altium Designer {B2BD5E5F-1C43-422A-A207-67ACEC1C2B0E}\old_BrowserCache_000
[0720/090640:ERROR:cache_creator.cc(129)] Unable to create cache
[0721/190941:ERROR:backend_impl.cc(2020)] Corrupt Index file
[0721/190941:ERROR:cache_util_win.cc(20)] Unable to move the cache: 5
[0721/190941:ERROR:cache_util.cc(134)] Unable to move cache folder C:\ProgramData\Altium\Altium Designer {B2BD5E5F-1C43-422A-A207-67ACEC1C2B0E}\BrowserCache to C:\ProgramData\Altium\Altium Designer {B2BD5E5F-1C43-422A-A207-67ACEC1C2B0E}\old_BrowserCache_000
[0721/190941:ERROR:cache_creator.cc(129)] Unable to create cache
[0805/100455:ERROR:backend_impl.cc(2020)] Corrupt Index file
[0805/100455:ERROR:cache_util_win.cc(20)] Unable to move the cache: 5
[0805/100455:ERROR:cache_util.cc(134)] Unable to move cache folder C:\ProgramData\Altium\Altium Designer {B2BD5E5F-1C43-422A-A207-67ACEC1C2B0E}\BrowserCache to C:\ProgramData\Altium\Altium Designer {B2BD5E5F-1C43-422A-A207-67ACEC1C2B0E}\old_BrowserCache_000
[0805/100455:ERROR:cache_creator.cc(129)] Unable to create cache
[0812/192430:ERROR:backend_impl.cc(2020)] Corrupt Index file
[0812/192430:ERROR:cache_util_win.cc(20)] Unable to move the cache: 5
[0812/192430:ERROR:cache_util.cc(134)] Unable to move cache folder C:\ProgramData\Altium\Altium Designer {B2BD5E5F-1C43-422A-A207-67ACEC1C2B0E}\BrowserCache to C:\ProgramData\Altium\Altium Designer {B2BD5E5F-1C43-422A-A207-67ACEC1C2B0E}\old_BrowserCache_000
[0812/192430:ERROR:cache_creator.cc(129)] Unable to create cache
[0817/150747:ERROR:tcp_socket_win.cc(335)] bind() returned an error: Only one usage of each socket address (protocol/network address/port) is normally permitted. (0x2740)
[0817/150747:ERROR:devtools_http_handler.cc(229)] Cannot start http server for devtools. Stop devtools.
