Change Component Comment : Designator=J11 Old Comment=* New Comment=1790351
Change Component Comment : Designator=J12 Old Comment=* New Comment=1790351
Change Component Comment : Designator=J13 Old Comment=* New Comment=1790351
Change Component Comment : Designator=J3 Old Comment=DIN41612 FEM 3X32 STRAIGHT New Comment=09032967824
Change Component Comment : Designator=J6 Old Comment=DIN41612 FEM 3X32 STRAIGHT New Comment=09032967824
Change Component Comment : Designator=J8 Old Comment=DIN41612 FEM 3X32 STRAIGHT New Comment=09032967824
Change Component Comment : Designator=J10 Old Comment=DIN41612 FEM 3X32 STRAIGHT New Comment=09032967824
Change Component Comment : Designator=J18 Old Comment=DIN41612 FEM 3X32 STRAIGHT New Comment=09032967824
Change Component Comment : Designator=J20 Old Comment=DIN41612 FEM 3X32 STRAIGHT New Comment=09032967824
Change Component Comment : Designator=J22 Old Comment=DIN41612 FEM 3X32 STRAIGHT New Comment=09032967824
Change Component Comment : Designator=J24 Old Comment=DIN41612 FEM 3X32 STRAIGHT New Comment=09032967824
Change Component Comment : Designator=J26 Old Comment=DIN41612 FEM 3X32 STRAIGHT New Comment=09032967824
Change Component Comment : Designator=J27 Old Comment=FlatCable2x7 New Comment=98414-G06-14ULF
Change Component Comment : Designator=J14 Old Comment=MOLEX 43045-0412 New Comment=43045-0412
Change Component Comment : Designator=J15 Old Comment=MOLEX 43045-0412 New Comment=43045-0412
Change Component Comment : Designator=J16 Old Comment=MOLEX 43045-0412 New Comment=43045-0412
Change Component Comment : Designator=J28 Old Comment=MOLEX 43045-0612 New Comment=43045-0612
Change component parameters: Designator = "J11"; Footprint = "PC FFKDSA/H1-7,62 - 1790351"; UniqueID = "\DJIUYWFM"
Change component parameters. Clean all parameters for all variants
Change component parameters (AddParameter): Name = "Value"; Value = "1790351"; VariantName = "[No Variations]"
Change component parameters: Designator = "J12"; Footprint = "PC FFKDSA/H1-7,62 - 1790351"; UniqueID = "\NAMAELWB"
Change component parameters. Clean all parameters for all variants
Change component parameters (AddParameter): Name = "Value"; Value = "1790351"; VariantName = "[No Variations]"
Change component parameters: Designator = "J13"; Footprint = "PC FFKDSA/H1-7,62 - 1790351"; UniqueID = "\DBQJLDCQ"
Change component parameters. Clean all parameters for all variants
Change component parameters (AddParameter): Name = "Value"; Value = "1790351"; VariantName = "[No Variations]"
Change component parameters: Designator = "C1"; Footprint = "Capacitor POL P3.5 D8.0 H13.0"; UniqueID = "\MAORAIPC"
Change component parameters. Clean all parameters for all variants
Change component parameters (AddParameter): Name = "Manufacturer"; Value = "Panasonic"; VariantName = "[No Variations]"
Change component parameters (AddParameter): Name = "Mouser No."; Value = "667-EEU-FR1H101"; VariantName = "[No Variations]"
Change component parameters (AddParameter): Name = "Value"; Value = "100u / 50V"; VariantName = "[No Variations]"
Change component parameters: Designator = "C3"; Footprint = "Capacitor POL P3.5 D8.0 H13.0"; UniqueID = "\EOISTOXB"
Change component parameters. Clean all parameters for all variants
Change component parameters (AddParameter): Name = "Manufacturer"; Value = "Panasonic"; VariantName = "[No Variations]"
Change component parameters (AddParameter): Name = "Mouser No."; Value = "667-EEU-FR1H101"; VariantName = "[No Variations]"
Change component parameters (AddParameter): Name = "Value"; Value = "100u / 50V"; VariantName = "[No Variations]"
Change component parameters: Designator = "C5"; Footprint = "Capacitor POL P3.5 D8.0 H13.0"; UniqueID = "\BYHUGSWQ"
Change component parameters. Clean all parameters for all variants
Change component parameters (AddParameter): Name = "Manufacturer"; Value = "Panasonic"; VariantName = "[No Variations]"
Change component parameters (AddParameter): Name = "Mouser No."; Value = "667-EEU-FR1H101"; VariantName = "[No Variations]"
Change component parameters (AddParameter): Name = "Value"; Value = "100u / 50V"; VariantName = "[No Variations]"
Change component parameters: Designator = "C7"; Footprint = "Capacitor POL P2.00 D5.5 H12.0"; UniqueID = "\XOHOOXRL"
Change component parameters. Clean all parameters for all variants
Change component parameters (AddParameter): Name = "Manufacturer"; Value = "Panasonic"; VariantName = "[No Variations]"
Change component parameters (AddParameter): Name = "Mouser No."; Value = "667-EEU-FR1H220"; VariantName = "[No Variations]"
Change component parameters (AddParameter): Name = "Value"; Value = "22u / 50V"; VariantName = "[No Variations]"
Change component parameters: Designator = "C8"; Footprint = "Capacitor POL P2.00 D5.5 H12.0"; UniqueID = "\HYDAVPHH"
Change component parameters. Clean all parameters for all variants
Change component parameters (AddParameter): Name = "Manufacturer"; Value = "Panasonic"; VariantName = "[No Variations]"
Change component parameters (AddParameter): Name = "Mouser No."; Value = "667-EEU-FR1H220"; VariantName = "[No Variations]"
Change component parameters (AddParameter): Name = "Value"; Value = "22u / 50V"; VariantName = "[No Variations]"
Change component parameters: Designator = "C9"; Footprint = "Capacitor POL P2.00 D5.5 H12.0"; UniqueID = "\IJVSXHKD"
Change component parameters. Clean all parameters for all variants
Change component parameters (AddParameter): Name = "Manufacturer"; Value = "Panasonic"; VariantName = "[No Variations]"
Change component parameters (AddParameter): Name = "Mouser No."; Value = "667-EEU-FR1H220"; VariantName = "[No Variations]"
Change component parameters (AddParameter): Name = "Value"; Value = "22u / 50V"; VariantName = "[No Variations]"
Change component parameters: Designator = "L1"; Footprint = "L P5.0 D10.0 H13.0"; UniqueID = "\VODNQPBR"
Change component parameters. Clean all parameters for all variants
Change component parameters (AddParameter): Name = "Manufacturer"; Value = "Fastron"; VariantName = "[No Variations]"
Change component parameters (AddParameter): Name = "Mouser No."; Value = "434-07HCP-2R2M"; VariantName = "[No Variations]"
Change component parameters (AddParameter): Name = "Value"; Value = "2u2, 6A, R=10m"; VariantName = "[No Variations]"
Change component parameters: Designator = "L2"; Footprint = "L P5.0 D10.0 H13.0"; UniqueID = "\XIWPNZAH"
Change component parameters. Clean all parameters for all variants
Change component parameters (AddParameter): Name = "Manufacturer"; Value = "Fastron"; VariantName = "[No Variations]"
Change component parameters (AddParameter): Name = "Mouser No."; Value = "434-07HCP-2R2M"; VariantName = "[No Variations]"
Change component parameters (AddParameter): Name = "Value"; Value = "2u2, 6A, R=10m"; VariantName = "[No Variations]"
Change component parameters: Designator = "L3"; Footprint = "L P5.0 D10.0 H13.0"; UniqueID = "\WKTZVKLU"
Change component parameters. Clean all parameters for all variants
Change component parameters (AddParameter): Name = "Manufacturer"; Value = "Fastron"; VariantName = "[No Variations]"
Change component parameters (AddParameter): Name = "Mouser No."; Value = "434-07HCP-2R2M"; VariantName = "[No Variations]"
Change component parameters (AddParameter): Name = "Value"; Value = "2u2, 6A, R=10m"; VariantName = "[No Variations]"
Change component parameters: Designator = "J3"; Footprint = "DIN41612 FEM 3x32 ABC Straight"; UniqueID = "\HSYYPSKM"
Change component parameters. Clean all parameters for all variants
Change component parameters (AddParameter): Name = "Manufacturer"; Value = "Harting"; VariantName = "[No Variations]"
Change component parameters (AddParameter): Name = "Mouser No."; Value = "617-09032967824"; VariantName = "[No Variations]"
Change component parameters (AddParameter): Name = "Value"; Value = "09032967824"; VariantName = "[No Variations]"
Change component parameters: Designator = "J6"; Footprint = "DIN41612 FEM 3x32 ABC Straight"; UniqueID = "\IUXAINCD"
Change component parameters. Clean all parameters for all variants
Change component parameters (AddParameter): Name = "Manufacturer"; Value = "Harting"; VariantName = "[No Variations]"
Change component parameters (AddParameter): Name = "Mouser No."; Value = "617-09032967824"; VariantName = "[No Variations]"
Change component parameters (AddParameter): Name = "Value"; Value = "09032967824"; VariantName = "[No Variations]"
Change component parameters: Designator = "J8"; Footprint = "DIN41612 FEM 3x32 ABC Straight"; UniqueID = "\CIWTVAKC"
Change component parameters. Clean all parameters for all variants
Change component parameters (AddParameter): Name = "Manufacturer"; Value = "Harting"; VariantName = "[No Variations]"
Change component parameters (AddParameter): Name = "Mouser No."; Value = "617-09032967824"; VariantName = "[No Variations]"
Change component parameters (AddParameter): Name = "Value"; Value = "09032967824"; VariantName = "[No Variations]"
Change component parameters: Designator = "J10"; Footprint = "DIN41612 FEM 3x32 ABC Straight"; UniqueID = "\WKPGGRTC"
Change component parameters. Clean all parameters for all variants
Change component parameters (AddParameter): Name = "Manufacturer"; Value = "Harting"; VariantName = "[No Variations]"
Change component parameters (AddParameter): Name = "Mouser No."; Value = "617-09032967824"; VariantName = "[No Variations]"
Change component parameters (AddParameter): Name = "Value"; Value = "09032967824"; VariantName = "[No Variations]"
Change component parameters: Designator = "J14"; Footprint = "MOLEX 43045-0412"; UniqueID = "\YUVLWXQA"
Change component parameters. Clean all parameters for all variants
Change component parameters (AddParameter): Name = "Manufacturer"; Value = "Molex"; VariantName = "[No Variations]"
Change component parameters (AddParameter): Name = "Mouser No."; Value = "538-43045-0412"; VariantName = "[No Variations]"
Change component parameters (AddParameter): Name = "Value"; Value = "43045-0412"; VariantName = "[No Variations]"
Change component parameters: Designator = "J15"; Footprint = "MOLEX 43045-0412"; UniqueID = "\FOBHFBBM"
Change component parameters. Clean all parameters for all variants
Change component parameters (AddParameter): Name = "Manufacturer"; Value = "Molex"; VariantName = "[No Variations]"
Change component parameters (AddParameter): Name = "Mouser No."; Value = "538-43045-0412"; VariantName = "[No Variations]"
Change component parameters (AddParameter): Name = "Value"; Value = "43045-0412"; VariantName = "[No Variations]"
Change component parameters: Designator = "J16"; Footprint = "MOLEX 43045-0412"; UniqueID = "\CBJENKWK"
Change component parameters. Clean all parameters for all variants
Change component parameters (AddParameter): Name = "Manufacturer"; Value = "Molex"; VariantName = "[No Variations]"
Change component parameters (AddParameter): Name = "Mouser No."; Value = "538-43045-0412"; VariantName = "[No Variations]"
Change component parameters (AddParameter): Name = "Value"; Value = "43045-0412"; VariantName = "[No Variations]"
Change component parameters: Designator = "J18"; Footprint = "DIN41612 FEM 3x32 ABC Straight"; UniqueID = "\FTPJPPJK"
Change component parameters. Clean all parameters for all variants
Change component parameters (AddParameter): Name = "Manufacturer"; Value = "Harting"; VariantName = "[No Variations]"
Change component parameters (AddParameter): Name = "Mouser No."; Value = "617-09032967824"; VariantName = "[No Variations]"
Change component parameters (AddParameter): Name = "Value"; Value = "09032967824"; VariantName = "[No Variations]"
Change component parameters: Designator = "J20"; Footprint = "DIN41612 FEM 3x32 ABC Straight"; UniqueID = "\FOXNFFBV"
Change component parameters. Clean all parameters for all variants
Change component parameters (AddParameter): Name = "Manufacturer"; Value = "Harting"; VariantName = "[No Variations]"
Change component parameters (AddParameter): Name = "Mouser No."; Value = "617-09032967824"; VariantName = "[No Variations]"
Change component parameters (AddParameter): Name = "Value"; Value = "09032967824"; VariantName = "[No Variations]"
Change component parameters: Designator = "J22"; Footprint = "DIN41612 FEM 3x32 ABC Straight"; UniqueID = "\YHVGJOGK"
Change component parameters. Clean all parameters for all variants
Change component parameters (AddParameter): Name = "Manufacturer"; Value = "Harting"; VariantName = "[No Variations]"
Change component parameters (AddParameter): Name = "Mouser No."; Value = "617-09032967824"; VariantName = "[No Variations]"
Change component parameters (AddParameter): Name = "Value"; Value = "09032967824"; VariantName = "[No Variations]"
Change component parameters: Designator = "J24"; Footprint = "DIN41612 FEM 3x32 ABC Straight"; UniqueID = "\VUKOMTKG"
Change component parameters. Clean all parameters for all variants
Change component parameters (AddParameter): Name = "Manufacturer"; Value = "Harting"; VariantName = "[No Variations]"
Change component parameters (AddParameter): Name = "Mouser No."; Value = "617-09032967824"; VariantName = "[No Variations]"
Change component parameters (AddParameter): Name = "Value"; Value = "09032967824"; VariantName = "[No Variations]"
Change component parameters: Designator = "J26"; Footprint = "DIN41612 FEM 3x32 ABC Straight"; UniqueID = "\UEHTDOGE"
Change component parameters. Clean all parameters for all variants
Change component parameters (AddParameter): Name = "Manufacturer"; Value = "Harting"; VariantName = "[No Variations]"
Change component parameters (AddParameter): Name = "Mouser No."; Value = "617-09032967824"; VariantName = "[No Variations]"
Change component parameters (AddParameter): Name = "Value"; Value = "09032967824"; VariantName = "[No Variations]"
Change component parameters: Designator = "J27"; Footprint = "FlatCable2x7 2MM Straight TH FCI 98414-G06-14ULF"; UniqueID = "\WBHHOEGO"
Change component parameters. Clean all parameters for all variants
Change component parameters (AddParameter): Name = "Manufacturer"; Value = "Amphenol FCI"; VariantName = "[No Variations]"
Change component parameters (AddParameter): Name = "Mouser No."; Value = "649-98414-G06-14ULF"; VariantName = "[No Variations]"
Change component parameters (AddParameter): Name = "Value"; Value = "98414-G06-14ULF"; VariantName = "[No Variations]"
Change component parameters: Designator = "J28"; Footprint = "MOLEX 43045-0612"; UniqueID = "\PQROFBOI"
Change component parameters. Clean all parameters for all variants
Change component parameters (AddParameter): Name = "Manufacturer"; Value = "Molex"; VariantName = "[No Variations]"
Change component parameters (AddParameter): Name = "Mouser No."; Value = "538-43045-0612"; VariantName = "[No Variations]"
Change component parameters (AddParameter): Name = "Value"; Value = "43045-0612"; VariantName = "[No Variations]"
